<?xml version="1.0" encoding="UTF-8"?>
<robot generator="Robot 3.1.2 (Python 3.7.1 on win32)" generated="20190724 14:07:07.649" rpa="false">
<suite id="s1" name="PatternMatching" source="C:\Users\CTEA\PycharmProjects\RoboScripts\conditionals\PatternMatching.robot">
<test id="s1-t1" name="Test Regular Expression">
<kw name="Validate Input String">
<arguments>
<arg>${MY_VALUE}</arg>
</arguments>
<kw name="Should Match Regexp" library="BuiltIn">
<doc>Fails if ``string`` does not match ``pattern`` as a regular expression.</doc>
<arguments>
<arg>${input}</arg>
<arg>(a|c)*b((b(a|c)*b)*(a|c)*)*</arg>
</arguments>
<status status="PASS" starttime="20190724 14:07:07.685" endtime="20190724 14:07:07.685"></status>
</kw>
<status status="PASS" starttime="20190724 14:07:07.684" endtime="20190724 14:07:07.685"></status>
</kw>
<status status="PASS" starttime="20190724 14:07:07.684" endtime="20190724 14:07:07.686" critical="yes"></status>
</test>
<status status="PASS" starttime="20190724 14:07:07.651" endtime="20190724 14:07:07.686"></status>
</suite>
<statistics>
<total>
<stat pass="1" fail="0">Critical Tests</stat>
<stat pass="1" fail="0">All Tests</stat>
</total>
<tag>
</tag>
<suite>
<stat pass="1" fail="0" id="s1" name="PatternMatching">PatternMatching</stat>
</suite>
</statistics>
<errors>
</errors>
</robot>
